15522:   ./main.o
Address           Kbytes     RSS   Dirty Mode  Mapping
00000000b4460000       4       4       4 rw---   [ anon ]
000055cb0c669000       4       4       0 r---- main.o
000055cb0c66a000       8       8       0 r-x-- main.o
000055cb0c66c000       4       4       0 r---- main.o
000055cb0c66d000       4       4       4 r---- main.o
000055cb0c66e000       4       4       4 rw--- main.o
000055cb0d6f0000     132       8       8 rw---   [ anon ]
00007fd7627fd000       4       0       0 -----   [ anon ]
00007fd7627fe000    8192       8       8 rw---   [ anon ]
00007fd762ffe000       4       0       0 -----   [ anon ]
00007fd762fff000    8192       8       8 rw---   [ anon ]
00007fd7637ff000       4       0       0 -----   [ anon ]
00007fd763800000    8192       8       8 rw---   [ anon ]
00007fd764000000     132      12      12 rw---   [ anon ]
00007fd764021000   65404       0       0 -----   [ anon ]
00007fd768000000     132      16      16 rw---   [ anon ]
00007fd768021000   65404       0       0 -----   [ anon ]
00007fd76c000000     132      12      12 rw---   [ anon ]
00007fd76c021000   65404       0       0 -----   [ anon ]
00007fd770022000       4       0       0 -----   [ anon ]
00007fd770023000    8192       8       8 rw---   [ anon ]
00007fd770823000       4       0       0 -----   [ anon ]
00007fd770824000    8192       8       8 rw---   [ anon ]
00007fd771024000       4       0       0 -----   [ anon ]
00007fd771025000    8192      16      16 rw---   [ anon ]
00007fd771825000       4       0       0 -----   [ anon ]
00007fd771826000    8192       8       8 rw---   [ anon ]
00007fd772026000       4       0       0 -----   [ anon ]
00007fd772027000    8192       8       8 rw---   [ anon ]
00007fd772827000       4       0       0 -----   [ anon ]
00007fd772828000    8192       8       8 rw---   [ anon ]
00007fd773028000      12      12       0 r---- libgcc_s.so.1
00007fd77302b000      72      72       0 r-x-- libgcc_s.so.1
00007fd77303d000      16      16       0 r---- libgcc_s.so.1
00007fd773041000       4       4       4 r---- libgcc_s.so.1
00007fd773042000       4       4       4 rw--- libgcc_s.so.1
00007fd773043000       4       0       0 -----   [ anon ]
00007fd773044000    8192      16      16 rw---   [ anon ]
00007fd773844000       4       0       0 -----   [ anon ]
00007fd773845000    8192      16      16 rw---   [ anon ]
00007fd774045000       4       0       0 -----   [ anon ]
00007fd774046000    8204      28      28 rw---   [ anon ]
00007fd774849000     148     148       0 r---- libc-2.31.so
00007fd77486e000    1504    1148       0 r-x-- libc-2.31.so
00007fd7749e6000     296     168       0 r---- libc-2.31.so
00007fd774a30000       4       0       0 ----- libc-2.31.so
00007fd774a31000      12      12      12 r---- libc-2.31.so
00007fd774a34000      12      12      12 rw--- libc-2.31.so
00007fd774a37000      16      16      16 rw---   [ anon ]
00007fd774a3b000      28      28       0 r---- libpthread-2.31.so
00007fd774a42000      68      68       0 r-x-- libpthread-2.31.so
00007fd774a53000      20      20       0 r---- libpthread-2.31.so
00007fd774a58000       4       4       4 r---- libpthread-2.31.so
00007fd774a59000       4       4       4 rw--- libpthread-2.31.so
00007fd774a5a000      16       4       4 rw---   [ anon ]
00007fd774a5e000      60      60       0 r---- libm-2.31.so
00007fd774a6d000     668     312       0 r-x-- libm-2.31.so
00007fd774b14000     604     128       0 r---- libm-2.31.so
00007fd774bab000       4       4       4 r---- libm-2.31.so
00007fd774bac000       4       4       4 rw--- libm-2.31.so
00007fd774bad000       8       8       8 rw---   [ anon ]
00007fd774bb3000       4       4       4 rw-s-   [ shmid=0x11 ]
00007fd774bb4000       4       4       4 rw-s-   [ shmid=0x10 ]
00007fd774bb5000       4       4       0 r---- ld-2.31.so
00007fd774bb6000     140     140       0 r-x-- ld-2.31.so
00007fd774bd9000      32      32       0 r---- ld-2.31.so
00007fd774be1000       4       4       4 rw-s-   [ shmid=0xf ]
00007fd774be2000       4       4       4 r---- ld-2.31.so
00007fd774be3000       4       4       4 rw--- ld-2.31.so
00007fd774be4000       4       4       4 rw---   [ anon ]
00007ffc7bca3000     132      16      16 rw---   [ stack ]
00007ffc7bdca000      12       0       0 r----   [ anon ]
00007ffc7bdcd000       4       4       0 r-x--   [ anon ]
ffffffffff600000       4       0       0 --x--   [ anon ]
---------------- ------- ------- ------- 
total kB          299072    2692     316
