Starting probe...read: 130809	write:0	open:0	close:0	task_time:     10264089795
read: 127470	write:0	open:0	close:0	task_time:     10348089795
read: 362280	write:0	open:0	close:0	task_time:     10536089795
read: 108312	write:1	open:0	close:0	task_time:     13743272601
read: 103429	write:0	open:0	close:0	task_time:     13807272601
read: 94528	write:0	open:0	close:0	task_time:     13871272601
read: 208188	write:0	open:0	close:0	task_time:     14035272601
read: 96109	write:0	open:0	close:0	task_time:     14087272601
read: 216369	write:0	open:0	close:0	task_time:     10888645846
read: 101874	write:0	open:0	close:0	task_time:     14237738806
read: 113008	write:0	open:0	close:0	task_time:     10973484529
read: 105156	write:0	open:0	close:0	task_time:     11053484529
read: 224724	write:0	open:0	close:0	task_time:     11189484529
read: 100924	write:0	open:0	close:0	task_time:     16693883866
read: 90859	write:0	open:0	close:0	task_time:     16753883866
read: 113937	write:0	open:0	close:0	task_time:     11343931040
read: 106771	write:0	open:0	close:0	task_time:     14661591647
read: 111951	write:0	open:0	close:0	task_time:     14717591647
read: 120926	write:0	open:0	close:0	task_time:     16929883866
read: 116603	write:0	open:0	close:0	task_time:     16965883866
read: 104578	write:0	open:0	close:0	task_time:     17037883866
read: 116868	write:0	open:0	close:0	task_time:     14917591647
read: 211903	write:0	open:0	close:0	task_time:     17173883866
read: 121766	write:0	open:0	close:0	task_time:     17209883866
read: 118401	write:0	open:0	close:0	task_time:     17257883866
read: 114630	write:0	open:0	close:0	task_time:     15129591647
read: 113870	write:0	open:0	close:0	task_time:     17341883866
read: 112195	write:0	open:0	close:0	task_time:     17373883866
read: 108377	write:0	open:0	close:0	task_time:     17425883866
read: 233513	write:0	open:0	close:0	task_time:     15349591647
read: 114592	write:0	open:0	close:0	task_time:     15401591647
read: 99950	write:0	open:0	close:0	task_time:     17621883866
read: 104380	write:0	open:0	close:0	task_time:     12583636917
read: 112581	write:0	open:0	close:0	task_time:     12667636917
read: 111131	write:0	open:0	close:0	task_time:     12707636917
read: 116471	write:0	open:0	close:0	task_time:     12747636917
read: 119269	write:0	open:0	close:0	task_time:     12791636917
read: 115995	write:0	open:0	close:0	task_time:     12883636917
read: 118019	write:0	open:0	close:0	task_time:     12931636917
read: 120598	write:0	open:0	close:0	task_time:     12979636917
read: 217528	write:0	open:0	close:0	task_time:     16037399697
read: 102209	write:0	open:0	close:0	task_time:     13179636917
read: 103163	write:0	open:0	close:0	task_time:     13223636917
read: 102252	write:0	open:0	close:0	task_time:     13271636917
read: 99677	write:0	open:0	close:0	task_time:     16221399697
read: 99337	write:0	open:0	close:0	task_time:     16269389376
read: 105973	write:0	open:0	close:0	task_time:     16321389376
read: 102956	write:0	open:0	close:0	task_time:     13407625243
read: 209483	write:0	open:0	close:0	task_time:     16457389376
read: 108085	write:0	open:0	close:0	task_time:     16513389376
read: 104931	write:0	open:0	close:0	task_time:     16569389376
read: 121250	write:0	open:0	close:0	task_time:     18685742591
read: 121547	write:1	open:0	close:0	task_time:     18705742591
read: 241045	write:0	open:0	close:0	task_time:     14334243618
read: 109597	write:0	open:0	close:0	task_time:     14374243618
read: 115437	write:0	open:0	close:0	task_time:     14450243618
read: 100163	write:0	open:0	close:0	task_time:     14490243618
read: 102807	write:1	open:0	close:0	task_time:     18965742591
read: 97582	write:0	open:0	close:0	task_time:     19025742591
read: 111433	write:0	open:0	close:0	task_time:     14622243618
read: 116825	write:0	open:0	close:0	task_time:      9463299006
read: 115119	write:0	open:0	close:0	task_time:     19177742591
read: 109663	write:0	open:0	close:0	task_time:     19241742591
read: 114265	write:0	open:0	close:0	task_time:     19285742591
read: 116601	write:0	open:0	close:0	task_time:     19337742591
read: 123598	write:0	open:0	close:0	task_time:     19381742591
read: 116029	write:0	open:0	close:0	task_time:     14982233643
read: 118509	write:0	open:0	close:0	task_time:     19457742591
read: 236384	write:0	open:0	close:0	task_time:     15142233643
read: 114955	write:0	open:0	close:0	task_time:     15226233643
read: 115930	write:0	open:0	close:0	task_time:     15302217142
read: 123524	write:0	open:0	close:0	task_time:     15370217142
read: 103958	write:0	open:0	close:0	task_time:     15418217142
read: 107952	write:0	open:0	close:0	task_time:     15482217142
read: 118898	write:0	open:0	close:0	task_time:     15546217142
read: 105560	write:0	open:0	close:0	task_time:     15602217142
read: 208592	write:0	open:0	close:0	task_time:     15686217142
read: 196639	write:0	open:0	close:0	task_time:     10455299006
read: 101534	write:0	open:0	close:0	task_time:     10483299006
read: 111099	write:0	open:0	close:0	task_time:     15894217142
read: 119455	write:0	open:0	close:0	task_time:     15966206389
read: 121661	write:0	open:0	close:0	task_time:     20385742591
read: 104695	write:0	open:0	close:0	task_time:     20449742591
read: 116323	write:0	open:0	close:0	task_time:     20505742591
read: 103885	write:0	open:0	close:0	task_time:     20577742591
read: 105609	write:0	open:0	close:0	task_time:     20637742591
read: 112606	write:0	open:0	close:0	task_time:     20681742591
read: 115087	write:0	open:0	close:0	task_time:     16318206389
read: 117221	write:0	open:0	close:0	task_time:     20753742591
read: 111131	write:0	open:0	close:0	task_time:     20797742591
read: 104681	write:0	open:0	close:0	task_time:     16458206389
read: 114982	write:0	open:0	close:0	task_time:     11131285737
read: 213237	write:0	open:0	close:0	task_time:     21001742591
read: 118495	write:0	open:0	close:0	task_time:     16666206389
read: 227480	write:0	open:0	close:0	task_time:     11383285737
read: 239430	write:0	open:0	close:0	task_time:     21229729183
read: 123185	write:0	open:0	close:0	task_time:     16946206389
read: 126780	write:0	open:0	close:0	task_time:     21281729183
read: 109078	write:0	open:0	close:0	task_time:     21349729183
read: 235301	write:0	open:0	close:0	task_time:     11811285737
read: 119407	write:0	open:0	close:0	task_time:     11879285737
read: 113166	write:0	open:0	close:0	task_time:     21513729183
read: 118185	write:0	open:0	close:0	task_time:     21553729183
read: 116138	write:0	open:0	close:0	task_time:     21597729183
read: 354484	write:0	open:0	close:0	task_time:     17530206389
read: 131526	write:0	open:0	close:0	task_time:     17582206389
read: 113299	write:0	open:0	close:0	task_time:     17650206389
read: 120749	write:0	open:0	close:0	task_time:     12387285737
read: 125814	write:0	open:0	close:0	task_time:     21861729183
read: 105997	write:0	open:0	close:0	task_time:     21925729183
read: 107206	write:0	open:0	close:0	task_time:     21953729183
read: 113572	write:0	open:0	close:0	task_time:     12579285737
read: 103098	write:0	open:0	close:0	task_time:     12615285737
read: 237439	write:0	open:0	close:0	task_time:     12727274870
read: 109899	write:0	open:0	close:0	task_time:     18174182258
read: 103981	write:0	open:0	close:0	task_time:     12835274870
read: 115514	write:0	open:0	close:0	task_time:     22237729183
read: 109071	write:0	open:0	close:0	task_time:     22289729183
read: 115455	write:0	open:0	close:0	task_time:     22333729183
read: 98329	write:0	open:0	close:0	task_time:     13039274870
read: 111955	write:0	open:0	close:0	task_time:     13095274870
read: 228450	write:0	open:0	close:0	task_time:     22513729183
read: 119546	write:0	open:0	close:0	task_time:     22545729183
read: 119281	write:0	open:0	close:0	task_time:     22585729183
read: 114292	write:0	open:0	close:0	task_time:     13327274870
read: 110764	write:0	open:0	close:0	task_time:     13375274870
read: 113712	write:0	open:0	close:0	task_time:     22709729183
read: 123134	write:0	open:0	close:0	task_time:     22745729183
read: 246549	write:0	open:0	close:0	task_time:     13555274870
read: 125127	write:0	open:0	close:0	task_time:     22853729183
read: 107432	write:0	open:0	close:0	task_time:     22925729183
read: 112646	write:0	open:0	close:0	task_time:     22969729183
read: 93174	write:0	open:0	close:0	task_time:     23033729183
read: 109499	write:0	open:0	close:0	task_time:     13807274870
read: 122364	write:0	open:0	close:0	task_time:     23121729183
read: 123766	write:0	open:0	close:0	task_time:     23153729183
read: 252580	write:0	open:0	close:0	task_time:     14023274870
read: 122029	write:0	open:0	close:0	task_time:     23245729183
read: 118159	write:0	open:0	close:0	task_time:     23289729183
read: 122705	write:0	open:0	close:0	task_time:     14155274870
read: 128306	write:0	open:0	close:0	task_time:     14235274870
read: 244404	write:0	open:0	close:0	task_time:     23397729183
read: 124316	write:0	open:0	close:0	task_time:     23421729183
read: 121644	write:0	open:0	close:0	task_time:     14455274870
read: 128108	write:0	open:0	close:0	task_time:     14519274870
read: 110687	write:0	open:0	close:0	task_time:     20402182258
read: 96874	write:0	open:0	close:0	task_time:     14607274870
read: 99814	write:0	open:0	close:0	task_time:     20490182258
read: 107972	write:0	open:0	close:0	task_time:     14683274870
read: 118421	write:0	open:0	close:0	task_time:     23717729183
read: 238631	write:0	open:0	close:0	task_time:     14855265953
read: 126409	write:0	open:0	close:0	task_time:     14919265953
read: 113204	write:0	open:0	close:0	task_time:     14995265953
read: 110957	write:0	open:0	close:0	task_time:     20886182258
read: 123412	write:0	open:0	close:0	task_time:     15079265953
read: 226680	write:0	open:0	close:0	task_time:     15151265953
read: 95262	write:0	open:0	close:0	task_time:     15199265953
read: 114843	write:0	open:0	close:0	task_time:     24137729183
read: 113946	write:0	open:0	close:0	task_time:     24177729183
read: 116816	write:0	open:0	close:0	task_time:     15383265953
read: 95434	write:0	open:0	close:0	task_time:     21362182258
read: 98573	write:0	open:0	close:0	task_time:     21386182258
read: 106006	write:0	open:0	close:0	task_time:     21422182258
read: 114958	write:0	open:0	close:0	task_time:     24437729183
read: 121550	write:0	open:0	close:0	task_time:     21534182258
read: 123294	write:0	open:0	close:0	task_time:     24513729183
read: 114746	write:0	open:0	close:0	task_time:     21642182258
read: 130921	write:1	open:0	close:0	task_time:     21694182258
read: 140025	write:0	open:0	close:0	task_time:     15879265953
read: 139292	write:0	open:0	close:0	task_time:     15971265953
read: 136412	write:0	open:0	close:0	task_time:     21862182258
read: 137369	write:0	open:0	close:0	task_time:     16793614438
read: 566509	write:0	open:0	close:0	task_time:     16291265953
read: 285142	write:0	open:0	close:0	task_time:     17133614438
read: 134365	write:0	open:0	close:0	task_time:     17201614438
read: 423234	write:1	open:0	close:0	task_time:     17349614438
read: 279350	write:0	open:0	close:0	task_time:      9802214284
read: 143702	write:0	open:0	close:0	task_time:     16767265953
read: 145130	write:0	open:0	close:0	task_time:     17601614438
read: 145575	write:0	open:0	close:0	task_time:     16879265953
read: 141517	write:0	open:0	close:0	task_time:     10014214284
read: 139610	write:0	open:0	close:0	task_time:     16987254503
read: 270013	write:0	open:0	close:0	task_time:     17107254503
read: 270384	write:0	open:0	close:0	task_time:     18013605200
read: 137835	write:0	open:0	close:0	task_time:     17271254503
read: 140597	write:0	open:0	close:0	task_time:     18101605200
read: 693749	write:0	open:0	close:0	task_time:     17607254503
read: 565192	write:0	open:0	close:0	task_time:     17879254503
read: 145889	write:0	open:0	close:0	task_time:     17947254503
read: 439205	write:0	open:0	close:0	task_time:     18905605200
read: 140610	write:0	open:0	close:0	task_time:     18151254503
read: 145206	write:0	open:0	close:0	task_time:     19037605200
read: 147134	write:0	open:0	close:0	task_time:     19081605200
read: 142189	write:0	open:0	close:0	task_time:     19125605200
read: 552570	write:0	open:0	close:0	task_time:     19345605200
read: 418613	write:0	open:0	close:0	task_time:     19493605200
read: 132766	write:0	open:0	close:0	task_time:     19553605200
read: 280400	write:0	open:0	close:0	task_time:     11738173725
read: 705917	write:0	open:0	close:0	task_time:     19905589319
read: 144264	write:0	open:0	close:0	task_time:     19961589319
read: 140866	write:0	open:0	close:0	task_time:     20037589319
read: 132950	write:0	open:0	close:0	task_time:     20085589319
read: 133726	write:0	open:0	close:0	task_time:     20145589319
read: 278300	write:0	open:0	close:0	task_time:     20241589319
read: 136298	write:0	open:0	close:0	task_time:     20301589319
read: 134659	write:0	open:0	close:0	task_time:     19911254503
read: 701777	write:0	open:0	close:0	task_time:     20697589319
read: 283783	write:0	open:0	close:0	task_time:     20821589319
read: 419535	write:0	open:0	close:0	task_time:     20961589319
read: 274402	write:0	open:0	close:0	task_time:     13178162506
read: 147811	write:0	open:0	close:0	task_time:     13242162506
read: 144014	write:0	open:0	close:0	task_time:     13314162506
read: 286564	write:0	open:0	close:0	task_time:     20691254503
read: 142760	write:0	open:0	close:0	task_time:     20751254503
read: 147660	write:0	open:0	close:0	task_time:     21393589319
read: 144508	write:0	open:0	close:0	task_time:     20895254503
read: 135705	write:0	open:0	close:0	task_time:     20967254503
read: 132221	write:1	open:0	close:0	task_time:     21525589319
read: 138924	write:0	open:0	close:0	task_time:     24661729183
read: 140400	write:0	open:0	close:0	task_time:     24725729183
read: 139841	write:0	open:0	close:0	task_time:     24789729183
read: 142832	write:0	open:0	close:0	task_time:     24837729183
read: 147691	write:0	open:0	close:0	task_time:     24881729183
read: 141149	write:0	open:0	close:0	task_time:         4000000
read: 142738	write:0	open:0	close:0	task_time:     14162162506
read: 141663	write:0	open:0	close:0	task_time:     14206162506
read: 271915	write:0	open:0	close:0	task_time:     22073589319
read: 144208	write:0	open:0	close:0	task_time:     22125589319
read: 290803	write:0	open:0	close:0	task_time:     22253589319
read: 420505	write:0	open:0	close:0	task_time:     25525717474
read: 278793	write:0	open:0	close:0	task_time:     14666151202
read: 146070	write:0	open:0	close:0	task_time:     14726151202
read: 411255	write:0	open:0	close:0	task_time:     22817589319
read: 427009	write:0	open:0	close:0	task_time:     15066151202
read: 284095	write:0	open:0	close:0	task_time:     15174151202
read: 144052	write:0	open:0	close:0	task_time:     26229717474
read: 551562	write:0	open:0	close:0	task_time:     26465717474
read: 142219	write:0	open:0	close:0	task_time:     23465589319
read: 142566	write:0	open:0	close:0	task_time:     26573717474
read: 144467	write:0	open:0	close:0	task_time:     23601589319
read: 143774	write:0	open:0	close:0	task_time:     15662151202
read: 142690	write:0	open:0	close:0	task_time:     23717589319
read: 142668	write:0	open:0	close:0	task_time:     15766151202
read: 286745	write:0	open:0	close:0	task_time:     15894151202
read: 131882	write:0	open:0	close:0	task_time:     26901717474
read: 420977	write:0	open:0	close:0	task_time:     16110151202
read: 144741	write:0	open:0	close:0	task_time:     24205589319
read: 287038	write:0	open:0	close:0	task_time:     27253717474
read: 139974	write:0	open:0	close:0	task_time:     16346151202
read: 140982	write:0	open:0	close:0	task_time:     16418151202
read: 407130	write:0	open:0	close:0	task_time:     27533707643
read: 135163	write:0	open:0	close:0	task_time:     27589707643
read: 145701	write:0	open:0	close:0	task_time:     27657707643
read: 138982	write:0	open:0	close:0	task_time:     24745589319
read: 283239	write:1	open:0	close:0	task_time:     16898140273
read: 139165	write:0	open:0	close:0	task_time:     19301239019
read: 142135	write:0	open:0	close:0	task_time:     17026140273
read: 142544	write:0	open:0	close:0	task_time:     17110140273
read: 147197	write:0	open:0	close:0	task_time:     28033707643
read: 426099	write:0	open:0	close:0	task_time:     28233707643
read: 293805	write:0	open:0	close:0	task_time:     19725239019
read: 142739	write:0	open:0	close:0	task_time:     19797239019
read: 135929	write:0	open:0	close:0	task_time:     28433707643
read: 137398	write:0	open:0	close:0	task_time:     17582140273
read: 138483	write:0	open:0	close:0	task_time:     28569707643
read: 144304	write:0	open:0	close:0	task_time:     17666140273
read: 130920	write:0	open:0	close:0	task_time:     17758140273
read: 137802	write:0	open:0	close:0	task_time:     17834140273
read: 132511	write:0	open:0	close:0	task_time:     17910140273
read: 543773	write:0	open:0	close:0	task_time:     18226140273
read: 424869	write:0	open:0	close:0	task_time:     20561239019
read: 144046	write:0	open:0	close:0	task_time:     18450110524
read: 410885	write:0	open:0	close:0	task_time:     18646110524
read: 145127	write:0	open:0	close:0	task_time:     18710110524
read: 146639	write:0	open:0	close:0	task_time:     18794110524
read: 138053	write:0	open:0	close:0	task_time:     18846110524
read: 285538	write:0	open:0	close:0	task_time:     20981239019
read: 136011	write:0	open:0	close:0	task_time:     18982110524
read: 139115	write:1	open:0	close:0	task_time:     21093226630
read: 553985	write:0	open:0	close:0	task_time:     21365226630
read: 139202	write:0	open:0	close:0	task_time:     21449226630
read: 287502	write:0	open:0	close:0	task_time:     21589226630
read: 287242	write:0	open:0	close:0	task_time:     21709226630
read: 566078	write:0	open:0	close:0	task_time:     21743231762
read: 434047	write:0	open:0	close:0	task_time:     21879231762
read: 117313	write:14354	open:0	close:0	task_time:     31178766974
read: 120449	write:16850	open:0	close:0	task_time:     31222766974
read: 103973	write:27671	open:0	close:0	task_time:     22067231762
read: 100929	write:29738	open:0	close:0	task_time:     22253226630
read: 231551	write:31782	open:0	close:0	task_time:     22369226630
read: 117161	write:14764	open:0	close:0	task_time:     22413226630
read: 101957	write:30965	open:0	close:0	task_time:     31590766974
read: 113608	write:24022	open:0	close:0	task_time:     22391231762
read: 119036	write:15733	open:0	close:0	task_time:     22455231762
read: 108566	write:20580	open:0	close:0	task_time:     22617226630
read: 101073	write:26150	open:0	close:0	task_time:     22669226630
read: 117831	write:15448	open:0	close:0	task_time:     22721226630
read: 215032	write:46125	open:0	close:0	task_time:     22793226630
read: 232667	write:36643	open:0	close:0	task_time:     22871231762
read: 97880	write:22981	open:0	close:0	task_time:     32206766974
read: 98623	write:25591	open:0	close:0	task_time:     22947231762
read: 117229	write:15664	open:0	close:0	task_time:     22991231762
read: 120417	write:16322	open:0	close:0	task_time:     23075231762
read: 100237	write:24351	open:0	close:0	task_time:     32462766974
read: 112585	write:18362	open:0	close:0	task_time:     32518766974
read: 112068	write:21206	open:0	close:0	task_time:     23361215121
read: 96420	write:26631	open:0	close:0	task_time:     23397215121
read: 88621	write:31227	open:0	close:0	task_time:     23319231762
read: 117449	write:16245	open:0	close:0	task_time:     32778757039
read: 559736	write:109203	open:0	close:0	task_time:     23781215121
read: 345586	write:60531	open:0	close:0	task_time:     23949215121
read: 115596	write:16011	open:0	close:0	task_time:     24001215121
read: 106856	write:25133	open:0	close:0	task_time:     23943231762
read: 115400	write:18985	open:0	close:0	task_time:     24019231762
read: 342467	write:56248	open:0	close:0	task_time:     24261215121
read: 103845	write:24614	open:0	close:0	task_time:     33638757039
read: 102372	write:28501	open:0	close:0	task_time:     24333215121
read: 113054	write:19958	open:0	close:0	task_time:     33786757039
read: 329932	write:77486	open:0	close:0	task_time:     34002757039
read: 116601	write:16619	open:0	close:0	task_time:     34054757039
read: 304313	write:64040	open:0	close:0	task_time:     24759231762
read: 112306	write:15800	open:0	close:0	task_time:     24791231762
read: 109414	write:24064	open:0	close:0	task_time:     34366757039
read: 115656	write:20928	open:0	close:0	task_time:     34418757039
read: 103938	write:27241	open:0	close:0	task_time:     34498757039
read: 108676	write:17717	open:0	close:0	task_time:     34550757039
read: 93907	write:29609	open:0	close:0	task_time:     34642757039
read: 115663	write:16795	open:0	close:0	task_time:     34698757039
read: 117002	write:15820	open:0	close:0	task_time:     25169215121
read: 122961	write:15554	open:0	close:0	task_time:     25221215121
read: 236657	write:31238	open:0	close:0	task_time:     25369215121
read: 120518	write:15735	open:0	close:0	task_time:     25457215121
read: 74831	write:19616	open:0	close:0	task_time:     34986757039
read: 95083	write:67048	open:0	close:0	task_time:     35174757039
read: 90620	write:19387	open:0	close:0	task_time:     25567203371
read: 53665	write:15825	open:0	close:0	task_time:     25659203371
read: 79141	write:14796	open:0	close:0	task_time:     35314757039
read: 56403	write:29011	open:0	close:0	task_time:     35406757039
read: 44516	write:18751	open:0	close:0	task_time:     25841204689
read: 71096	write:14602	open:0	close:0	task_time:     25901204689
read: 62151	write:18173	open:0	close:0	task_time:     25945204689
read: 98415	write:15404	open:0	close:0	task_time:     26029204689
read: 45791	write:21292	open:0	close:0	task_time:     35674757039
read: 46367	write:24783	open:0	close:0	task_time:     26105204689
read: 47992	write:23710	open:0	close:0	task_time:     35806757039
read: 191302	write:67990	open:0	close:0	task_time:     35998757039
read: 117592	write:17001	open:0	close:0	task_time:     36042757039
read: 121414	write:15474	open:0	close:0	task_time:     26385204689
read: 213252	write:40890	open:0	close:0	task_time:     36210757039
read: 196251	write:49351	open:0	close:0	task_time:     26561204689
read: 110551	write:14998	open:0	close:0	task_time:     36402757039
read: 114217	write:15528	open:0	close:0	task_time:     26677204689
read: 114336	write:13381	open:0	close:0	task_time:     26777204689
read: 101641	write:20568	open:0	close:0	task_time:     26845204689
read: 114086	write:13799	open:0	close:0	task_time:     36614757039
read: 227212	write:28703	open:0	close:0	task_time:     36706757039
read: 111262	write:14852	open:0	close:0	task_time:     27069204689
read: 110092	write:19584	open:0	close:0	task_time:     27141204689
read: 123403	write:14244	open:0	close:0	task_time:     27201204689
read: 213804	write:43911	open:0	close:0	task_time:     36990757039
read: 108554	write:20290	open:0	close:0	task_time:     37062757039
read: 90837	write:30235	open:0	close:0	task_time:     37158757039
read: 108127	write:19308	open:0	close:0	task_time:     27445204689
read: 216381	write:36842	open:0	close:0	task_time:     22008344362
read: 103598	write:19804	open:0	close:0	task_time:     37390744782
read: 110204	write:16666	open:0	close:0	task_time:     22120331510
read: 216709	write:43174	open:0	close:0	task_time:     22256331510
read: 120404	write:15295	open:0	close:0	task_time:     22280331510
read: 105146	write:21551	open:0	close:0	task_time:     22328331510
read: 102997	write:28296	open:0	close:0	task_time:     22368331510
read: 120985	write:17462	open:0	close:0	task_time:     27985204689
read: 95344	write:31785	open:0	close:0	task_time:     22504331510
read: 112779	write:16287	open:0	close:0	task_time:     28097204689
read: 342822	write:45974	open:0	close:0	task_time:     38086744782
read: 114139	write:18036	open:0	close:0	task_time:     38134744782
read: 97781	write:31304	open:0	close:0	task_time:     38214744782
read: 113253	write:19793	open:0	close:0	task_time:     38274744782
read: 109474	write:21241	open:0	close:0	task_time:     38338744782
read: 116473	write:17867	open:0	close:0	task_time:     22996331510
read: 114128	write:20427	open:0	close:0	task_time:     23036331510
read: 230103	write:41144	open:0	close:0	task_time:     38582744782
read: 244052	write:31844	open:0	close:0	task_time:     38670744782
read: 118993	write:16438	open:0	close:0	task_time:     23284331510
read: 107292	write:26079	open:0	close:0	task_time:     23332331510
read: 234424	write:37725	open:0	close:0	task_time:     38902744782
read: 95886	write:31732	open:0	close:0	task_time:     38994744782
read: 311550	write:65432	open:0	close:0	task_time:     23668331510
read: 124601	write:15894	open:0	close:0	task_time:     39242744782
read: 233775	write:32425	open:0	close:0	task_time:     23840331510
read: 94467	write:30931	open:0	close:0	task_time:     23888331510
read: 103721	write:22561	open:0	close:0	task_time:     29629204689
read: 228475	write:33937	open:0	close:0	task_time:     24040331510
read: 88144	write:30458	open:0	close:0	task_time:     24068331510
read: 103741	write:19699	open:0	close:0	task_time:     29885204689
read: 445606	write:71095	open:0	close:0	task_time:     39970744782
read: 111613	write:19266	open:0	close:0	task_time:     24440318681
read: 93689	write:28884	open:0	close:0	task_time:     24484318681
read: 108965	write:15991	open:0	close:0	task_time:     30285204689
read: 209899	write:40471	open:0	close:0	task_time:     40294744782
read: 592079	write:133533	open:0	close:0	task_time:     40690723284
read: 46637	write:15307	open:0	close:0	task_time:     24968318681
read: 58605	write:20146	open:0	close:0	task_time:     30849186325
read: 43639	write:27180	open:0	close:0	task_time:     25072285812
read: 161932	write:33327	open:0	close:0	task_time:     25204285812
read: 78353	write:14718	open:0	close:0	task_time:     25268285812
read: 84969	write:14051	open:0	close:0	task_time:     25348285812
read: 125980	write:38434	open:0	close:0	task_time:     31165186325
read: 94410	write:44852	open:0	close:0	task_time:     25548248662
read: 154396	write:31678	open:0	close:0	task_time:     25680248662
read: 91192	write:48906	open:0	close:0	task_time:     31421186325
read: 50031	write:22455	open:0	close:0	task_time:     41658723284
read: 44293	write:21584	open:0	close:0	task_time:     31537186325
read: 205126	write:54607	open:0	close:0	task_time:     31649186325
read: 113416	write:38754	open:0	close:0	task_time:     26112248662
read: 55431	write:24829	open:0	close:0	task_time:     31769186325
read: 93130	write:13963	open:0	close:0	task_time:     31801186325
read: 169460	write:34851	open:0	close:0	task_time:     42262695189
read: 60988	write:25078	open:0	close:0	task_time:     42346695189
read: 90676	write:14726	open:0	close:0	task_time:     42394695189
read: 49310	write:29667	open:0	close:0	task_time:     31961186325
read: 92436	write:14219	open:0	close:0	task_time:     31997186325
read: 65135	write:20934	open:0	close:0	task_time:     32037186325
read: 69623	write:17353	open:0	close:0	task_time:     26752248662
read: 66866	write:23975	open:0	close:0	task_time:     32109186325
read: 46377	write:27018	open:0	close:0	task_time:     32145186325
read: 136964	write:65511	open:0	close:0	task_time:     32293186325
read: 81332	write:15014	open:0	close:0	task_time:     32345186325
read: 48787	write:26837	open:0	close:0	task_time:     32377186325
read: 55168	write:15856	open:0	close:0	task_time:     32469186325
read: 42755	write:20694	open:0	close:0	task_time:     22510182258
read: 120683	write:53473	open:0	close:0	task_time:     32625186325
read: 67011	write:22509	open:0	close:0	task_time:     22650163952
read: 71125	write:23388	open:0	close:0	task_time:     22706163952
read: 68823	write:21844	open:0	close:0	task_time:     22774163952
read: 62765	write:22957	open:0	close:0	task_time:     32777169175
read: 91998	write:16577	open:0	close:0	task_time:     22930163952
read: 50984	write:14768	open:0	close:0	task_time:     22974163952
read: 47164	write:19960	open:0	close:0	task_time:     43834695189
read: 48175	write:20403	open:0	close:0	task_time:     43898695189
read: 73213	write:10162	open:0	close:0	task_time:     23102163952
read: 98981	write:0	open:0	close:0	task_time:     23146163952
read: 111764	write:0	open:0	close:0	task_time:     33089169175
read: 234590	write:0	open:0	close:0	task_time:     23350163952
read: 107895	write:0	open:0	close:0	task_time:     12432508719
read: 335613	write:0	open:0	close:0	task_time:     33369169175
read: 112004	write:0	open:0	close:0	task_time:     33421169175
read: 118173	write:0	open:0	close:0	task_time:     12692508719
read: 122956	write:0	open:0	close:0	task_time:     12748508719
read: 229811	write:0	open:0	close:0	task_time:     23846163952
read: 107979	write:0	open:0	close:0	task_time:     12940496673
read: 109499	write:0	open:0	close:0	task_time:     13004496673
read: 119621	write:0	open:0	close:0	task_time:     33689147614
read: 103682	write:0	open:0	close:0	task_time:     33741147614
read: 215032	write:0	open:0	close:0	task_time:     33813147614
read: 110879	write:0	open:0	close:0	task_time:     33873147614
read: 119958	write:0	open:0	close:0	task_time:     33913147614
read: 112047	write:0	open:0	close:0	task_time:     33981147614
read: 127476	write:0	open:0	close:0	task_time:     24338163952
read: 124096	write:0	open:0	close:0	task_time:     24426163952
read: 123336	write:0	open:0	close:0	task_time:     24474163952
read: 111637	write:0	open:0	close:0	task_time:     34133147614
read: 120374	write:0	open:0	close:0	task_time:     34161147614
read: 112726	write:0	open:0	close:0	task_time:     34209147614
read: 118195	write:0	open:0	close:0	task_time:     24650163952
read: 98104	write:0	open:0	close:0	task_time:     34321147614
read: 103688	write:0	open:0	close:0	task_time:     24718163952
read: 121617	write:0	open:0	close:0	task_time:     24762163952
read: 106592	write:0	open:0	close:0	task_time:     34449147614
read: 91578	write:0	open:0	close:0	task_time:     34509147614
read: 98456	write:0	open:0	close:0	task_time:     34573147614
read: 119220	write:0	open:0	close:0	task_time:     14240496673
read: 246096	write:0	open:0	close:0	task_time:     34717147614
read: 107697	write:0	open:0	close:0	task_time:     14388496673
read: 121799	write:0	open:0	close:0	task_time:     14428496673
read: 112385	write:0	open:0	close:0	task_time:     14476496673
read: 109301	write:0	open:0	close:0	task_time:     14540496673
read: 118972	write:0	open:0	close:0	task_time:     14600496673
read: 116640	write:0	open:0	close:0	task_time:     14676496673
read: 115960	write:0	open:0	close:0	task_time:     35025147614
read: 118028	write:0	open:0	close:0	task_time:     35053147614
read: 112533	write:0	open:0	close:0	task_time:     35105089325
read: 108732	write:0	open:0	close:0	task_time:     25638163952
read: 119359	write:0	open:0	close:0	task_time:     35221089325
read: 113054	write:0	open:0	close:0	task_time:     35269089325
read: 117161	write:0	open:0	close:0	task_time:     35297089325
read: 118471	write:0	open:0	close:0	task_time:     35337089325
read: 112621	write:0	open:0	close:0	task_time:     15248496673
read: 121207	write:0	open:0	close:0	task_time:     35401089325
read: 119873	write:0	open:0	close:0	task_time:     25946139480
read: 216946	write:0	open:0	close:0	task_time:     35541089325
read: 122785	write:0	open:0	close:0	task_time:     15496485631
read: 115850	write:0	open:0	close:0	task_time:     26178139480
read: 120801	write:0	open:0	close:0	task_time:     15596485631
read: 119316	write:0	open:0	close:0	task_time:     26294139480
read: 118378	write:0	open:0	close:0	task_time:     26374139480
read: 237242	write:0	open:0	close:0	task_time:     26510139480
read: 198774	write:0	open:0	close:0	task_time:     26610139480
read: 122634	write:0	open:0	close:0	task_time:     26698139480
read: 118658	write:0	open:0	close:0	task_time:     26774139480
read: 120451	write:0	open:0	close:0	task_time:     26842139480
read: 248584	write:0	open:0	close:0	task_time:     26938139480
read: 120641	write:0	open:0	close:0	task_time:     27014139480
read: 105827	write:0	open:0	close:0	task_time:     27046139480
read: 238072	write:0	open:0	close:0	task_time:     27126139480
read: 108023	write:0	open:0	close:0	task_time:     16464485631
read: 113438	write:0	open:0	close:0	task_time:     16528485631
read: 124966	write:0	open:0	close:0	task_time:     16584485631
read: 120820	write:0	open:0	close:0	task_time:     16664485631
read: 115172	write:0	open:0	close:0	task_time:     16724485631
read: 124039	write:0	open:0	close:0	task_time:     16796485631
read: 218639	write:0	open:0	close:0	task_time:     16888485631
read: 241783	write:0	open:0	close:0	task_time:     27566139480
read: 106909	write:0	open:0	close:0	task_time:     27610139480
read: 116151	write:0	open:0	close:0	task_time:     17140485631
read: 114737	write:0	open:0	close:0	task_time:     17220485631
read: 97350	write:0	open:0	close:0	task_time:     17260485631
read: 106510	write:0	open:0	close:0	task_time:     17332485631
read: 120080	write:0	open:0	close:0	task_time:     17408451058
read: 104870	write:0	open:0	close:0	task_time:     27850139480
read: 106493	write:0	open:0	close:0	task_time:     27886139480
read: 117027	write:0	open:0	close:0	task_time:     17536451058
read: 104149	write:0	open:0	close:0	task_time:     17584451058
read: 120439	write:0	open:0	close:0	task_time:     17660451058
read: 111171	write:0	open:0	close:0	task_time:     17724451058
read: 105953	write:0	open:0	close:0	task_time:     17800451058
read: 105068	write:0	open:0	close:0	task_time:     17840451058
read: 112866	write:0	open:0	close:0	task_time:     28202126267
read: 346960	write:0	open:0	close:0	task_time:     18028451058
read: 107003	write:0	open:0	close:0	task_time:     18072451058
read: 230415	write:0	open:0	close:0	task_time:     28498126267
read: 108372	write:0	open:0	close:0	task_time:     18248451058
read: 99923	write:0	open:0	close:0	task_time:     18308451058
read: 123469	write:0	open:0	close:0	task_time:     18376451058
read: 104883	write:0	open:0	close:0	task_time:     18420451058
read: 102306	write:0	open:0	close:0	task_time:     28710126267
read: 120072	write:1	open:0	close:0	task_time:     24801589319
read: 138884	write:0	open:0	close:0	task_time:     28822126267
read: 285890	write:0	open:0	close:0	task_time:     18704451058
read: 292958	write:0	open:0	close:0	task_time:     29042126267
read: 143810	write:0	open:0	close:0	task_time:     29078126267
read: 436361	write:0	open:0	close:0	task_time:     19084451058
read: 276873	write:0	open:0	close:0	task_time:     19168451058
read: 131820	write:0	open:0	close:0	task_time:     25505589319
read: 131684	write:0	open:0	close:0	task_time:     25549589319
read: 136433	write:0	open:0	close:0	task_time:     25625589319
read: 139774	write:0	open:0	close:0	task_time:     19404451058
read: 142740	write:0	open:0	close:0	task_time:     29606126267
read: 140015	write:0	open:0	close:0	task_time:     19528451058
read: 423825	write:0	open:0	close:0	task_time:     29794126267
read: 137961	write:0	open:0	close:0	task_time:     29866126267
start=1606384865
